2025-08-26 05:21:15 Error: [8] session_start(): Ignoring session_start() because a session is already active - C:\Program Files\xampp\htdocs\Human-Resources-Management-System-BSIS-02\holiday_actions.php:2
2025-08-26 05:21:15 Error: [2] Undefined array key "REQUEST_METHOD" - C:\Program Files\xampp\htdocs\Human-Resources-Management-System-BSIS-02\holiday_actions.php:255
2025-08-26 05:22:08 Error: [2] Undefined variable $pdo - C:\Program Files\xampp\htdocs\Human-Resources-Management-System-BSIS-02\describe_public_holidays.php:4
2025-08-26 05:22:54 Error: [2] Undefined variable $pdo - C:\Program Files\xampp\htdocs\Human-Resources-Management-System-BSIS-02\describe_public_holidays.php:5
2025-08-26 05:23:33 Error: [2] Undefined variable $pdo - C:\Program Files\xampp\htdocs\Human-Resources-Management-System-BSIS-02\describe_public_holidays.php:8
2025-08-26 05:24:42 Error: [2] Undefined variable $pdo - C:\Program Files\xampp\htdocs\Human-Resources-Management-System-BSIS-02\add_holiday_type_column.php:6
2025-08-26 05:26:08 Error: [8] session_start(): Ignoring session_start() because a session is already active - C:\Program Files\xampp\htdocs\Human-Resources-Management-System-BSIS-02\holiday_actions.php:2
2025-08-26 05:26:08 Error: [2] Undefined array key "REQUEST_METHOD" - C:\Program Files\xampp\htdocs\Human-Resources-Management-System-BSIS-02\holiday_actions.php:289
2025-08-26 05:28:13 Error: [8] session_start(): Ignoring session_start() because a session is already active - C:\Program Files\xampp\htdocs\Human-Resources-Management-System-BSIS-02\holiday_actions.php:2
2025-08-26 05:28:13 Error: [2] Undefined array key "REQUEST_METHOD" - C:\Program Files\xampp\htdocs\Human-Resources-Management-System-BSIS-02\holiday_actions.php:354
2025-08-26 05:28:40 Error: [8] session_start(): Ignoring session_start() because a session is already active - C:\Program Files\xampp\htdocs\Human-Resources-Management-System-BSIS-02\holiday_actions.php:2
2025-08-26 05:28:40 Error: [2] Undefined array key "REQUEST_METHOD" - C:\Program Files\xampp\htdocs\Human-Resources-Management-System-BSIS-02\holiday_actions.php:354
<<<<<<< HEAD
2025-08-26 06:16:06 Error: [2] Undefined array key "REQUEST_METHOD" - C:\Program Files\xampp\htdocs\Human-Resources-Management-System-BSIS-02\holiday_actions.php:354
2025-08-26 07:30:55 Error: [8] session_start(): Ignoring session_start() because a session is already active - C:\Program Files\xampp\htdocs\Human-Resources-Management-System-BSIS-02\leave_types.php:2
2025-08-26 07:30:56 Error: [8] session_start(): Ignoring session_start() because a session is already active - C:\Program Files\xampp\htdocs\Human-Resources-Management-System-BSIS-02\leave_types.php:2
2025-08-26 07:31:05 Error: [8] session_start(): Ignoring session_start() because a session is already active - C:\Program Files\xampp\htdocs\Human-Resources-Management-System-BSIS-02\leave_types.php:2
2025-08-26 07:31:05 Error: [8] session_start(): Ignoring session_start() because a session is already active - C:\Program Files\xampp\htdocs\Human-Resources-Management-System-BSIS-02\leave_types.php:2
2025-08-26 07:31:05 Error: [8] session_start(): Ignoring session_start() because a session is already active - C:\Program Files\xampp\htdocs\Human-Resources-Management-System-BSIS-02\leave_types.php:2
2025-08-26 07:31:05 Error: [8] session_start(): Ignoring session_start() because a session is already active - C:\Program Files\xampp\htdocs\Human-Resources-Management-System-BSIS-02\leave_types.php:2
2025-08-26 07:31:06 Error: [8] session_start(): Ignoring session_start() because a session is already active - C:\Program Files\xampp\htdocs\Human-Resources-Management-System-BSIS-02\leave_types.php:2
2025-08-26 07:31:06 Error: [8] session_start(): Ignoring session_start() because a session is already active - C:\Program Files\xampp\htdocs\Human-Resources-Management-System-BSIS-02\leave_types.php:2
2025-08-26 07:31:06 Error: [8] session_start(): Ignoring session_start() because a session is already active - C:\Program Files\xampp\htdocs\Human-Resources-Management-System-BSIS-02\leave_types.php:2
2025-08-26 07:31:06 Error: [8] session_start(): Ignoring session_start() because a session is already active - C:\Program Files\xampp\htdocs\Human-Resources-Management-System-BSIS-02\leave_types.php:2
2025-08-26 07:31:06 Error: [8] session_start(): Ignoring session_start() because a session is already active - C:\Program Files\xampp\htdocs\Human-Resources-Management-System-BSIS-02\leave_types.php:2
2025-08-26 07:31:06 Error: [8] session_start(): Ignoring session_start() because a session is already active - C:\Program Files\xampp\htdocs\Human-Resources-Management-System-BSIS-02\leave_types.php:2
2025-08-26 07:31:07 Error: [8] session_start(): Ignoring session_start() because a session is already active - C:\Program Files\xampp\htdocs\Human-Resources-Management-System-BSIS-02\leave_types.php:2
2025-08-26 07:31:07 Error: [8] session_start(): Ignoring session_start() because a session is already active - C:\Program Files\xampp\htdocs\Human-Resources-Management-System-BSIS-02\leave_types.php:2
2025-08-26 07:31:07 Error: [8] session_start(): Ignoring session_start() because a session is already active - C:\Program Files\xampp\htdocs\Human-Resources-Management-System-BSIS-02\leave_types.php:2
2025-08-26 07:31:07 Error: [8] session_start(): Ignoring session_start() because a session is already active - C:\Program Files\xampp\htdocs\Human-Resources-Management-System-BSIS-02\leave_types.php:2
2025-08-26 07:31:07 Error: [8] session_start(): Ignoring session_start() because a session is already active - C:\Program Files\xampp\htdocs\Human-Resources-Management-System-BSIS-02\leave_types.php:2
2025-08-26 07:31:07 Error: [8] session_start(): Ignoring session_start() because a session is already active - C:\Program Files\xampp\htdocs\Human-Resources-Management-System-BSIS-02\leave_types.php:2
2025-08-26 07:31:08 Error: [8] session_start(): Ignoring session_start() because a session is already active - C:\Program Files\xampp\htdocs\Human-Resources-Management-System-BSIS-02\leave_types.php:2
2025-08-26 07:31:08 Error: [8] session_start(): Ignoring session_start() because a session is already active - C:\Program Files\xampp\htdocs\Human-Resources-Management-System-BSIS-02\leave_types.php:2
2025-08-26 07:31:08 Error: [8] session_start(): Ignoring session_start() because a session is already active - C:\Program Files\xampp\htdocs\Human-Resources-Management-System-BSIS-02\leave_types.php:2
2025-08-26 07:31:08 Error: [8] session_start(): Ignoring session_start() because a session is already active - C:\Program Files\xampp\htdocs\Human-Resources-Management-System-BSIS-02\leave_types.php:2
2025-08-26 07:31:08 Error: [8] session_start(): Ignoring session_start() because a session is already active - C:\Program Files\xampp\htdocs\Human-Resources-Management-System-BSIS-02\leave_types.php:2
2025-08-26 07:31:08 Error: [8] session_start(): Ignoring session_start() because a session is already active - C:\Program Files\xampp\htdocs\Human-Resources-Management-System-BSIS-02\leave_types.php:2
2025-08-26 07:31:09 Error: [8] session_start(): Ignoring session_start() because a session is already active - C:\Program Files\xampp\htdocs\Human-Resources-Management-System-BSIS-02\leave_types.php:2
2025-08-26 07:31:09 Error: [8] session_start(): Ignoring session_start() because a session is already active - C:\Program Files\xampp\htdocs\Human-Resources-Management-System-BSIS-02\leave_types.php:2
2025-08-26 07:31:10 Error: [8] session_start(): Ignoring session_start() because a session is already active - C:\Program Files\xampp\htdocs\Human-Resources-Management-System-BSIS-02\leave_types.php:2
2025-08-26 07:31:15 Error: [8] session_start(): Ignoring session_start() because a session is already active - C:\Program Files\xampp\htdocs\Human-Resources-Management-System-BSIS-02\leave_types.php:2
2025-08-26 07:31:53 Error: [8] session_start(): Ignoring session_start() because a session is already active - C:\Program Files\xampp\htdocs\Human-Resources-Management-System-BSIS-02\leave_types.php:2
2025-08-26 07:31:57 Error: [8] session_start(): Ignoring session_start() because a session is already active - C:\Program Files\xampp\htdocs\Human-Resources-Management-System-BSIS-02\leave_types.php:2
2025-08-26 07:33:04 Error: [8] session_start(): Ignoring session_start() because a session is already active - C:\Program Files\xampp\htdocs\Human-Resources-Management-System-BSIS-02\leave_types.php:2
2025-08-26 07:33:05 Error: [8] session_start(): Ignoring session_start() because a session is already active - C:\Program Files\xampp\htdocs\Human-Resources-Management-System-BSIS-02\leave_types.php:2
2025-08-26 07:33:06 Error: [8] session_start(): Ignoring session_start() because a session is already active - C:\Program Files\xampp\htdocs\Human-Resources-Management-System-BSIS-02\leave_types.php:2
2025-08-26 07:33:06 Error: [8] session_start(): Ignoring session_start() because a session is already active - C:\Program Files\xampp\htdocs\Human-Resources-Management-System-BSIS-02\leave_types.php:2
2025-08-26 07:33:06 Error: [8] session_start(): Ignoring session_start() because a session is already active - C:\Program Files\xampp\htdocs\Human-Resources-Management-System-BSIS-02\leave_types.php:2
2025-08-26 07:33:36 Error: [8] session_start(): Ignoring session_start() because a session is already active - C:\Program Files\xampp\htdocs\Human-Resources-Management-System-BSIS-02\leave_types.php:2
2025-08-26 07:33:40 Error: [8] session_start(): Ignoring session_start() because a session is already active - C:\Program Files\xampp\htdocs\Human-Resources-Management-System-BSIS-02\leave_types.php:2
2025-08-26 07:38:36 Error: [8] session_start(): Ignoring session_start() because a session is already active - C:\Program Files\xampp\htdocs\Human-Resources-Management-System-BSIS-02\leave_types.php:2
2025-08-26 07:38:40 Error: [8] session_start(): Ignoring session_start() because a session is already active - C:\Program Files\xampp\htdocs\Human-Resources-Management-System-BSIS-02\leave_types.php:2
2025-08-26 07:41:11 Error: [8] session_start(): Ignoring session_start() because a session is already active - C:\Program Files\xampp\htdocs\Human-Resources-Management-System-BSIS-02\leave_types.php:2
2025-08-26 07:41:21 Error: [8] session_start(): Ignoring session_start() because a session is already active - C:\Program Files\xampp\htdocs\Human-Resources-Management-System-BSIS-02\leave_types.php:2
2025-08-26 07:43:28 Error: [8] session_start(): Ignoring session_start() because a session is already active - C:\Program Files\xampp\htdocs\Human-Resources-Management-System-BSIS-02\leave_types.php:2
2025-08-26 07:43:38 Error: [8] session_start(): Ignoring session_start() because a session is already active - C:\Program Files\xampp\htdocs\Human-Resources-Management-System-BSIS-02\leave_types.php:2
2025-08-26 07:43:39 Error: [8] session_start(): Ignoring session_start() because a session is already active - C:\Program Files\xampp\htdocs\Human-Resources-Management-System-BSIS-02\leave_types.php:2
2025-08-26 07:43:41 Error: [8] session_start(): Ignoring session_start() because a session is already active - C:\Program Files\xampp\htdocs\Human-Resources-Management-System-BSIS-02\leave_types.php:2
2025-08-26 07:44:14 Error: [8] session_start(): Ignoring session_start() because a session is already active - C:\Program Files\xampp\htdocs\Human-Resources-Management-System-BSIS-02\leave_types.php:2
2025-08-26 07:45:57 Error: [8] session_start(): Ignoring session_start() because a session is already active - C:\Program Files\xampp\htdocs\Human-Resources-Management-System-BSIS-02\leave_types.php:2
2025-08-26 07:45:58 Error: [8] session_start(): Ignoring session_start() because a session is already active - C:\Program Files\xampp\htdocs\Human-Resources-Management-System-BSIS-02\leave_types.php:2
2025-08-26 07:47:34 Error: [8] session_start(): Ignoring session_start() because a session is already active - C:\Program Files\xampp\htdocs\Human-Resources-Management-System-BSIS-02\leave_types.php:2
2025-08-26 07:47:41 Error: [8] session_start(): Ignoring session_start() because a session is already active - C:\Program Files\xampp\htdocs\Human-Resources-Management-System-BSIS-02\leave_types.php:2
2025-08-26 07:49:14 Error: [8] session_start(): Ignoring session_start() because a session is already active - C:\Program Files\xampp\htdocs\Human-Resources-Management-System-BSIS-02\leave_types.php:2
2025-08-26 07:49:15 Error: [8] session_start(): Ignoring session_start() because a session is already active - C:\Program Files\xampp\htdocs\Human-Resources-Management-System-BSIS-02\leave_types.php:2
2025-08-26 07:49:16 Error: [8] session_start(): Ignoring session_start() because a session is already active - C:\Program Files\xampp\htdocs\Human-Resources-Management-System-BSIS-02\leave_types.php:2
2025-08-26 07:49:16 Error: [8] session_start(): Ignoring session_start() because a session is already active - C:\Program Files\xampp\htdocs\Human-Resources-Management-System-BSIS-02\leave_types.php:2
2025-08-26 07:49:17 Error: [8] session_start(): Ignoring session_start() because a session is already active - C:\Program Files\xampp\htdocs\Human-Resources-Management-System-BSIS-02\leave_types.php:2
2025-08-26 07:52:54 Error: [8] session_start(): Ignoring session_start() because a session is already active - C:\Program Files\xampp\htdocs\Human-Resources-Management-System-BSIS-02\leave_types.php:2
2025-08-26 07:52:55 Error: [8] session_start(): Ignoring session_start() because a session is already active - C:\Program Files\xampp\htdocs\Human-Resources-Management-System-BSIS-02\leave_types.php:2
2025-08-26 07:52:56 Error: [8] session_start(): Ignoring session_start() because a session is already active - C:\Program Files\xampp\htdocs\Human-Resources-Management-System-BSIS-02\leave_types.php:2
2025-08-26 07:52:56 Error: [8] session_start(): Ignoring session_start() because a session is already active - C:\Program Files\xampp\htdocs\Human-Resources-Management-System-BSIS-02\leave_types.php:2
2025-08-26 07:52:56 Error: [8] session_start(): Ignoring session_start() because a session is already active - C:\Program Files\xampp\htdocs\Human-Resources-Management-System-BSIS-02\leave_types.php:2
2025-08-26 07:52:56 Error: [8] session_start(): Ignoring session_start() because a session is already active - C:\Program Files\xampp\htdocs\Human-Resources-Management-System-BSIS-02\leave_types.php:2
2025-08-26 07:52:57 Error: [8] session_start(): Ignoring session_start() because a session is already active - C:\Program Files\xampp\htdocs\Human-Resources-Management-System-BSIS-02\leave_types.php:2
2025-08-26 07:52:57 Error: [8] session_start(): Ignoring session_start() because a session is already active - C:\Program Files\xampp\htdocs\Human-Resources-Management-System-BSIS-02\leave_types.php:2
2025-08-26 07:52:57 Error: [8] session_start(): Ignoring session_start() because a session is already active - C:\Program Files\xampp\htdocs\Human-Resources-Management-System-BSIS-02\leave_types.php:2
2025-08-26 08:01:04 Error: [8] session_start(): Ignoring session_start() because a session is already active - C:\Program Files\xampp\htdocs\Human-Resources-Management-System-BSIS-02\leave_types.php:2
2025-08-26 08:03:49 Error: [8] session_start(): Ignoring session_start() because a session is already active - C:\Program Files\xampp\htdocs\Human-Resources-Management-System-BSIS-02\leave_types.php:2
2025-08-26 08:04:45 Error: [8] session_start(): Ignoring session_start() because a session is already active - C:\Program Files\xampp\htdocs\Human-Resources-Management-System-BSIS-02\leave_types.php:2
=======
2025-08-27 04:23:00 Error: [2] Undefined variable $message - C:\xampp\htdocs\Human-Resources-Management-System-BSIS-02\competencies.php:55
2025-08-27 04:23:00 Error: [2] Undefined variable $employees - C:\xampp\htdocs\Human-Resources-Management-System-BSIS-02\competencies.php:87
2025-08-27 04:23:00 Error: [2] foreach() argument must be of type array|object, null given - C:\xampp\htdocs\Human-Resources-Management-System-BSIS-02\competencies.php:87
2025-08-27 04:23:00 Error: [2] Undefined variable $personalInfo - C:\xampp\htdocs\Human-Resources-Management-System-BSIS-02\competencies.php:151
2025-08-27 04:23:00 Error: [2] foreach() argument must be of type array|object, null given - C:\xampp\htdocs\Human-Resources-Management-System-BSIS-02\competencies.php:151
2025-08-27 04:23:00 Error: [2] Undefined variable $jobRoles - C:\xampp\htdocs\Human-Resources-Management-System-BSIS-02\competencies.php:162
2025-08-27 04:23:00 Error: [2] foreach() argument must be of type array|object, null given - C:\xampp\htdocs\Human-Resources-Management-System-BSIS-02\competencies.php:162
2025-08-27 04:23:01 Error: [2] Undefined variable $message - C:\xampp\htdocs\Human-Resources-Management-System-BSIS-02\competencies.php:55
2025-08-27 04:23:01 Error: [2] Undefined variable $employees - C:\xampp\htdocs\Human-Resources-Management-System-BSIS-02\competencies.php:87
2025-08-27 04:23:01 Error: [2] foreach() argument must be of type array|object, null given - C:\xampp\htdocs\Human-Resources-Management-System-BSIS-02\competencies.php:87
2025-08-27 04:23:01 Error: [2] Undefined variable $personalInfo - C:\xampp\htdocs\Human-Resources-Management-System-BSIS-02\competencies.php:151
2025-08-27 04:23:01 Error: [2] foreach() argument must be of type array|object, null given - C:\xampp\htdocs\Human-Resources-Management-System-BSIS-02\competencies.php:151
2025-08-27 04:23:01 Error: [2] Undefined variable $jobRoles - C:\xampp\htdocs\Human-Resources-Management-System-BSIS-02\competencies.php:162
2025-08-27 04:23:01 Error: [2] foreach() argument must be of type array|object, null given - C:\xampp\htdocs\Human-Resources-Management-System-BSIS-02\competencies.php:162
2025-08-27 04:23:01 Error: [2] Undefined variable $message - C:\xampp\htdocs\Human-Resources-Management-System-BSIS-02\competencies.php:55
2025-08-27 04:23:01 Error: [2] Undefined variable $employees - C:\xampp\htdocs\Human-Resources-Management-System-BSIS-02\competencies.php:87
2025-08-27 04:23:01 Error: [2] foreach() argument must be of type array|object, null given - C:\xampp\htdocs\Human-Resources-Management-System-BSIS-02\competencies.php:87
2025-08-27 04:23:01 Error: [2] Undefined variable $personalInfo - C:\xampp\htdocs\Human-Resources-Management-System-BSIS-02\competencies.php:151
2025-08-27 04:23:01 Error: [2] foreach() argument must be of type array|object, null given - C:\xampp\htdocs\Human-Resources-Management-System-BSIS-02\competencies.php:151
2025-08-27 04:23:01 Error: [2] Undefined variable $jobRoles - C:\xampp\htdocs\Human-Resources-Management-System-BSIS-02\competencies.php:162
2025-08-27 04:23:01 Error: [2] foreach() argument must be of type array|object, null given - C:\xampp\htdocs\Human-Resources-Management-System-BSIS-02\competencies.php:162
2025-08-27 04:23:01 Error: [2] Undefined variable $message - C:\xampp\htdocs\Human-Resources-Management-System-BSIS-02\competencies.php:55
2025-08-27 04:23:01 Error: [2] Undefined variable $employees - C:\xampp\htdocs\Human-Resources-Management-System-BSIS-02\competencies.php:87
2025-08-27 04:23:01 Error: [2] foreach() argument must be of type array|object, null given - C:\xampp\htdocs\Human-Resources-Management-System-BSIS-02\competencies.php:87
2025-08-27 04:23:01 Error: [2] Undefined variable $personalInfo - C:\xampp\htdocs\Human-Resources-Management-System-BSIS-02\competencies.php:151
2025-08-27 04:23:01 Error: [2] foreach() argument must be of type array|object, null given - C:\xampp\htdocs\Human-Resources-Management-System-BSIS-02\competencies.php:151
2025-08-27 04:23:01 Error: [2] Undefined variable $jobRoles - C:\xampp\htdocs\Human-Resources-Management-System-BSIS-02\competencies.php:162
2025-08-27 04:23:01 Error: [2] foreach() argument must be of type array|object, null given - C:\xampp\htdocs\Human-Resources-Management-System-BSIS-02\competencies.php:162
2025-08-27 04:23:05 Error: [2] Undefined variable $message - C:\xampp\htdocs\Human-Resources-Management-System-BSIS-02\competencies.php:55
2025-08-27 04:23:05 Error: [2] Undefined variable $employees - C:\xampp\htdocs\Human-Resources-Management-System-BSIS-02\competencies.php:87
2025-08-27 04:23:05 Error: [2] foreach() argument must be of type array|object, null given - C:\xampp\htdocs\Human-Resources-Management-System-BSIS-02\competencies.php:87
2025-08-27 04:23:05 Error: [2] Undefined variable $personalInfo - C:\xampp\htdocs\Human-Resources-Management-System-BSIS-02\competencies.php:151
2025-08-27 04:23:05 Error: [2] foreach() argument must be of type array|object, null given - C:\xampp\htdocs\Human-Resources-Management-System-BSIS-02\competencies.php:151
2025-08-27 04:23:05 Error: [2] Undefined variable $jobRoles - C:\xampp\htdocs\Human-Resources-Management-System-BSIS-02\competencies.php:162
2025-08-27 04:23:05 Error: [2] foreach() argument must be of type array|object, null given - C:\xampp\htdocs\Human-Resources-Management-System-BSIS-02\competencies.php:162
2025-08-27 04:23:33 Error: [2] Undefined variable $message - C:\xampp\htdocs\Human-Resources-Management-System-BSIS-02\competencies.php:55
2025-08-27 04:23:33 Error: [2] Undefined variable $employees - C:\xampp\htdocs\Human-Resources-Management-System-BSIS-02\competencies.php:87
2025-08-27 04:23:33 Error: [2] foreach() argument must be of type array|object, null given - C:\xampp\htdocs\Human-Resources-Management-System-BSIS-02\competencies.php:87
2025-08-27 04:23:33 Error: [2] Undefined variable $personalInfo - C:\xampp\htdocs\Human-Resources-Management-System-BSIS-02\competencies.php:151
2025-08-27 04:23:33 Error: [2] foreach() argument must be of type array|object, null given - C:\xampp\htdocs\Human-Resources-Management-System-BSIS-02\competencies.php:151
2025-08-27 04:23:33 Error: [2] Undefined variable $jobRoles - C:\xampp\htdocs\Human-Resources-Management-System-BSIS-02\competencies.php:162
2025-08-27 04:23:33 Error: [2] foreach() argument must be of type array|object, null given - C:\xampp\htdocs\Human-Resources-Management-System-BSIS-02\competencies.php:162
>>>>>>> upstream/main
2025-09-07 14:27:55 Error: [8192] json_decode(): Passing null to parameter #1 ($json) of type string is deprecated - C:\xampp\htdocs\Human-Resources-Management-System-BSIS-02\job_applications.php:295
2025-09-07 14:27:55 Error: [8192] json_decode(): Passing null to parameter #1 ($json) of type string is deprecated - C:\xampp\htdocs\Human-Resources-Management-System-BSIS-02\job_applications.php:295
2025-09-07 14:27:55 Error: [8192] json_decode(): Passing null to parameter #1 ($json) of type string is deprecated - C:\xampp\htdocs\Human-Resources-Management-System-BSIS-02\job_applications.php:295
2025-09-07 14:31:17 Error: [8192] json_decode(): Passing null to parameter #1 ($json) of type string is deprecated - C:\xampp\htdocs\Human-Resources-Management-System-BSIS-02\job_applications.php:295
2025-09-07 14:31:17 Error: [8192] json_decode(): Passing null to parameter #1 ($json) of type string is deprecated - C:\xampp\htdocs\Human-Resources-Management-System-BSIS-02\job_applications.php:295
2025-09-07 14:31:17 Error: [8192] json_decode(): Passing null to parameter #1 ($json) of type string is deprecated - C:\xampp\htdocs\Human-Resources-Management-System-BSIS-02\job_applications.php:295
2025-09-07 14:31:21 Error: [8192] json_decode(): Passing null to parameter #1 ($json) of type string is deprecated - C:\xampp\htdocs\Human-Resources-Management-System-BSIS-02\job_applications.php:295
2025-09-07 14:31:21 Error: [8192] json_decode(): Passing null to parameter #1 ($json) of type string is deprecated - C:\xampp\htdocs\Human-Resources-Management-System-BSIS-02\job_applications.php:295
2025-09-07 14:31:21 Error: [8192] json_decode(): Passing null to parameter #1 ($json) of type string is deprecated - C:\xampp\htdocs\Human-Resources-Management-System-BSIS-02\job_applications.php:295
2025-09-07 14:33:18 Error: [8192] json_decode(): Passing null to parameter #1 ($json) of type string is deprecated - C:\xampp\htdocs\Human-Resources-Management-System-BSIS-02\job_applications.php:295
2025-09-07 14:33:18 Error: [8192] json_decode(): Passing null to parameter #1 ($json) of type string is deprecated - C:\xampp\htdocs\Human-Resources-Management-System-BSIS-02\job_applications.php:295
2025-09-07 14:33:18 Error: [8192] json_decode(): Passing null to parameter #1 ($json) of type string is deprecated - C:\xampp\htdocs\Human-Resources-Management-System-BSIS-02\job_applications.php:295
2025-09-07 14:35:14 Error: [8192] json_decode(): Passing null to parameter #1 ($json) of type string is deprecated - C:\xampp\htdocs\Human-Resources-Management-System-BSIS-02\job_applications.php:295
2025-09-07 14:35:14 Error: [8192] json_decode(): Passing null to parameter #1 ($json) of type string is deprecated - C:\xampp\htdocs\Human-Resources-Management-System-BSIS-02\job_applications.php:295
2025-09-07 14:35:14 Error: [8192] json_decode(): Passing null to parameter #1 ($json) of type string is deprecated - C:\xampp\htdocs\Human-Resources-Management-System-BSIS-02\job_applications.php:295
2025-09-07 14:38:58 Error: [8192] json_decode(): Passing null to parameter #1 ($json) of type string is deprecated - C:\xampp\htdocs\Human-Resources-Management-System-BSIS-02\job_applications.php:295
2025-09-07 14:38:58 Error: [8192] json_decode(): Passing null to parameter #1 ($json) of type string is deprecated - C:\xampp\htdocs\Human-Resources-Management-System-BSIS-02\job_applications.php:295
2025-09-07 14:38:58 Error: [8192] json_decode(): Passing null to parameter #1 ($json) of type string is deprecated - C:\xampp\htdocs\Human-Resources-Management-System-BSIS-02\job_applications.php:295
2025-09-07 14:39:22 Error: [8192] json_decode(): Passing null to parameter #1 ($json) of type string is deprecated - C:\xampp\htdocs\Human-Resources-Management-System-BSIS-02\job_applications.php:295
2025-09-07 14:39:22 Error: [8192] json_decode(): Passing null to parameter #1 ($json) of type string is deprecated - C:\xampp\htdocs\Human-Resources-Management-System-BSIS-02\job_applications.php:295
2025-09-07 14:39:22 Error: [8192] json_decode(): Passing null to parameter #1 ($json) of type string is deprecated - C:\xampp\htdocs\Human-Resources-Management-System-BSIS-02\job_applications.php:295
2025-09-07 14:39:22 Error: [8192] json_decode(): Passing null to parameter #1 ($json) of type string is deprecated - C:\xampp\htdocs\Human-Resources-Management-System-BSIS-02\job_applications.php:295
2025-09-07 14:39:44 Error: [8192] json_decode(): Passing null to parameter #1 ($json) of type string is deprecated - C:\xampp\htdocs\Human-Resources-Management-System-BSIS-02\job_applications.php:295
2025-09-07 14:39:44 Error: [8192] json_decode(): Passing null to parameter #1 ($json) of type string is deprecated - C:\xampp\htdocs\Human-Resources-Management-System-BSIS-02\job_applications.php:295
2025-09-07 14:39:44 Error: [8192] json_decode(): Passing null to parameter #1 ($json) of type string is deprecated - C:\xampp\htdocs\Human-Resources-Management-System-BSIS-02\job_applications.php:295
2025-09-07 14:40:22 Error: [8192] json_decode(): Passing null to parameter #1 ($json) of type string is deprecated - C:\xampp\htdocs\Human-Resources-Management-System-BSIS-02\job_applications.php:295
2025-09-07 14:40:22 Error: [8192] json_decode(): Passing null to parameter #1 ($json) of type string is deprecated - C:\xampp\htdocs\Human-Resources-Management-System-BSIS-02\job_applications.php:295
2025-09-07 14:40:22 Error: [8192] json_decode(): Passing null to parameter #1 ($json) of type string is deprecated - C:\xampp\htdocs\Human-Resources-Management-System-BSIS-02\job_applications.php:295
2025-09-07 14:40:37 Error: [8192] json_decode(): Passing null to parameter #1 ($json) of type string is deprecated - C:\xampp\htdocs\Human-Resources-Management-System-BSIS-02\job_applications.php:295
2025-09-07 14:40:37 Error: [8192] json_decode(): Passing null to parameter #1 ($json) of type string is deprecated - C:\xampp\htdocs\Human-Resources-Management-System-BSIS-02\job_applications.php:295
2025-09-07 14:40:37 Error: [8192] json_decode(): Passing null to parameter #1 ($json) of type string is deprecated - C:\xampp\htdocs\Human-Resources-Management-System-BSIS-02\job_applications.php:295
2025-09-07 14:41:07 Error: [8192] json_decode(): Passing null to parameter #1 ($json) of type string is deprecated - C:\xampp\htdocs\Human-Resources-Management-System-BSIS-02\job_applications.php:295
2025-09-07 14:41:07 Error: [8192] json_decode(): Passing null to parameter #1 ($json) of type string is deprecated - C:\xampp\htdocs\Human-Resources-Management-System-BSIS-02\job_applications.php:295
2025-09-07 14:41:07 Error: [8192] json_decode(): Passing null to parameter #1 ($json) of type string is deprecated - C:\xampp\htdocs\Human-Resources-Management-System-BSIS-02\job_applications.php:295
2025-09-07 14:41:16 Error: [8192] json_decode(): Passing null to parameter #1 ($json) of type string is deprecated - C:\xampp\htdocs\Human-Resources-Management-System-BSIS-02\job_applications.php:295
2025-09-07 14:41:16 Error: [8192] json_decode(): Passing null to parameter #1 ($json) of type string is deprecated - C:\xampp\htdocs\Human-Resources-Management-System-BSIS-02\job_applications.php:295
2025-09-07 14:41:16 Error: [8192] json_decode(): Passing null to parameter #1 ($json) of type string is deprecated - C:\xampp\htdocs\Human-Resources-Management-System-BSIS-02\job_applications.php:295
2025-09-07 14:41:36 Error: [8192] json_decode(): Passing null to parameter #1 ($json) of type string is deprecated - C:\xampp\htdocs\Human-Resources-Management-System-BSIS-02\job_applications.php:295
2025-09-07 14:41:36 Error: [8192] json_decode(): Passing null to parameter #1 ($json) of type string is deprecated - C:\xampp\htdocs\Human-Resources-Management-System-BSIS-02\job_applications.php:295
2025-09-07 14:41:36 Error: [8192] json_decode(): Passing null to parameter #1 ($json) of type string is deprecated - C:\xampp\htdocs\Human-Resources-Management-System-BSIS-02\job_applications.php:295
2025-09-07 14:44:36 Error: [8192] json_decode(): Passing null to parameter #1 ($json) of type string is deprecated - C:\xampp\htdocs\Human-Resources-Management-System-BSIS-02\job_applications.php:295
2025-09-07 14:44:36 Error: [8192] json_decode(): Passing null to parameter #1 ($json) of type string is deprecated - C:\xampp\htdocs\Human-Resources-Management-System-BSIS-02\job_applications.php:295
2025-09-07 14:44:36 Error: [8192] json_decode(): Passing null to parameter #1 ($json) of type string is deprecated - C:\xampp\htdocs\Human-Resources-Management-System-BSIS-02\job_applications.php:295
2025-09-07 14:46:07 Error: [8192] json_decode(): Passing null to parameter #1 ($json) of type string is deprecated - C:\xampp\htdocs\Human-Resources-Management-System-BSIS-02\job_applications.php:295
2025-09-07 14:46:07 Error: [8192] json_decode(): Passing null to parameter #1 ($json) of type string is deprecated - C:\xampp\htdocs\Human-Resources-Management-System-BSIS-02\job_applications.php:295
2025-09-07 14:46:07 Error: [8192] json_decode(): Passing null to parameter #1 ($json) of type string is deprecated - C:\xampp\htdocs\Human-Resources-Management-System-BSIS-02\job_applications.php:295
2025-09-07 14:47:08 Error: [8192] json_decode(): Passing null to parameter #1 ($json) of type string is deprecated - C:\xampp\htdocs\Human-Resources-Management-System-BSIS-02\job_applications.php:295
2025-09-07 14:47:08 Error: [8192] json_decode(): Passing null to parameter #1 ($json) of type string is deprecated - C:\xampp\htdocs\Human-Resources-Management-System-BSIS-02\job_applications.php:295
2025-09-07 14:47:08 Error: [8192] json_decode(): Passing null to parameter #1 ($json) of type string is deprecated - C:\xampp\htdocs\Human-Resources-Management-System-BSIS-02\job_applications.php:295
2025-09-07 14:48:40 Error: [8192] json_decode(): Passing null to parameter #1 ($json) of type string is deprecated - C:\xampp\htdocs\Human-Resources-Management-System-BSIS-02\job_applications.php:295
2025-09-07 14:48:40 Error: [8192] json_decode(): Passing null to parameter #1 ($json) of type string is deprecated - C:\xampp\htdocs\Human-Resources-Management-System-BSIS-02\job_applications.php:295
2025-09-07 14:48:40 Error: [8192] json_decode(): Passing null to parameter #1 ($json) of type string is deprecated - C:\xampp\htdocs\Human-Resources-Management-System-BSIS-02\job_applications.php:295
2025-09-07 14:48:40 Error: [8192] json_decode(): Passing null to parameter #1 ($json) of type string is deprecated - C:\xampp\htdocs\Human-Resources-Management-System-BSIS-02\job_applications.php:295
2025-09-07 14:48:49 Error: [8192] json_decode(): Passing null to parameter #1 ($json) of type string is deprecated - C:\xampp\htdocs\Human-Resources-Management-System-BSIS-02\job_applications.php:295
2025-09-07 14:48:49 Error: [8192] json_decode(): Passing null to parameter #1 ($json) of type string is deprecated - C:\xampp\htdocs\Human-Resources-Management-System-BSIS-02\job_applications.php:295
2025-09-07 14:48:49 Error: [8192] json_decode(): Passing null to parameter #1 ($json) of type string is deprecated - C:\xampp\htdocs\Human-Resources-Management-System-BSIS-02\job_applications.php:295
2025-09-07 14:48:49 Error: [8192] json_decode(): Passing null to parameter #1 ($json) of type string is deprecated - C:\xampp\htdocs\Human-Resources-Management-System-BSIS-02\job_applications.php:295
2025-09-07 14:48:53 Error: [8192] json_decode(): Passing null to parameter #1 ($json) of type string is deprecated - C:\xampp\htdocs\Human-Resources-Management-System-BSIS-02\job_applications.php:295
2025-09-07 14:48:53 Error: [8192] json_decode(): Passing null to parameter #1 ($json) of type string is deprecated - C:\xampp\htdocs\Human-Resources-Management-System-BSIS-02\job_applications.php:295
2025-09-07 14:48:53 Error: [8192] json_decode(): Passing null to parameter #1 ($json) of type string is deprecated - C:\xampp\htdocs\Human-Resources-Management-System-BSIS-02\job_applications.php:295
2025-09-07 14:48:53 Error: [8192] json_decode(): Passing null to parameter #1 ($json) of type string is deprecated - C:\xampp\htdocs\Human-Resources-Management-System-BSIS-02\job_applications.php:295
2025-09-07 14:50:27 Error: [8192] json_decode(): Passing null to parameter #1 ($json) of type string is deprecated - C:\xampp\htdocs\Human-Resources-Management-System-BSIS-02\job_applications.php:295
2025-09-07 14:50:27 Error: [8192] json_decode(): Passing null to parameter #1 ($json) of type string is deprecated - C:\xampp\htdocs\Human-Resources-Management-System-BSIS-02\job_applications.php:295
2025-09-07 14:50:27 Error: [8192] json_decode(): Passing null to parameter #1 ($json) of type string is deprecated - C:\xampp\htdocs\Human-Resources-Management-System-BSIS-02\job_applications.php:295
2025-09-07 14:50:27 Error: [8192] json_decode(): Passing null to parameter #1 ($json) of type string is deprecated - C:\xampp\htdocs\Human-Resources-Management-System-BSIS-02\job_applications.php:295
2025-09-07 14:51:13 Error: [8192] json_decode(): Passing null to parameter #1 ($json) of type string is deprecated - C:\xampp\htdocs\Human-Resources-Management-System-BSIS-02\job_applications.php:295
2025-09-07 14:51:13 Error: [8192] json_decode(): Passing null to parameter #1 ($json) of type string is deprecated - C:\xampp\htdocs\Human-Resources-Management-System-BSIS-02\job_applications.php:295
2025-09-07 14:51:13 Error: [8192] json_decode(): Passing null to parameter #1 ($json) of type string is deprecated - C:\xampp\htdocs\Human-Resources-Management-System-BSIS-02\job_applications.php:295
2025-09-07 14:51:13 Error: [8192] json_decode(): Passing null to parameter #1 ($json) of type string is deprecated - C:\xampp\htdocs\Human-Resources-Management-System-BSIS-02\job_applications.php:295
2025-09-07 14:51:16 Error: [8192] json_decode(): Passing null to parameter #1 ($json) of type string is deprecated - C:\xampp\htdocs\Human-Resources-Management-System-BSIS-02\job_applications.php:295
2025-09-07 14:51:16 Error: [8192] json_decode(): Passing null to parameter #1 ($json) of type string is deprecated - C:\xampp\htdocs\Human-Resources-Management-System-BSIS-02\job_applications.php:295
2025-09-07 14:51:16 Error: [8192] json_decode(): Passing null to parameter #1 ($json) of type string is deprecated - C:\xampp\htdocs\Human-Resources-Management-System-BSIS-02\job_applications.php:295
2025-09-07 14:51:16 Error: [8192] json_decode(): Passing null to parameter #1 ($json) of type string is deprecated - C:\xampp\htdocs\Human-Resources-Management-System-BSIS-02\job_applications.php:295
2025-09-07 15:00:43 Error: [8192] json_decode(): Passing null to parameter #1 ($json) of type string is deprecated - C:\xampp\htdocs\Human-Resources-Management-System-BSIS-02\job_applications.php:295
2025-09-07 15:00:43 Error: [8192] json_decode(): Passing null to parameter #1 ($json) of type string is deprecated - C:\xampp\htdocs\Human-Resources-Management-System-BSIS-02\job_applications.php:295
2025-09-07 15:00:43 Error: [8192] json_decode(): Passing null to parameter #1 ($json) of type string is deprecated - C:\xampp\htdocs\Human-Resources-Management-System-BSIS-02\job_applications.php:295
2025-09-07 15:00:43 Error: [8192] json_decode(): Passing null to parameter #1 ($json) of type string is deprecated - C:\xampp\htdocs\Human-Resources-Management-System-BSIS-02\job_applications.php:295
2025-09-07 15:02:15 Error: [8192] json_decode(): Passing null to parameter #1 ($json) of type string is deprecated - C:\xampp\htdocs\Human-Resources-Management-System-BSIS-02\job_applications.php:295
2025-09-07 15:02:15 Error: [8192] json_decode(): Passing null to parameter #1 ($json) of type string is deprecated - C:\xampp\htdocs\Human-Resources-Management-System-BSIS-02\job_applications.php:295
2025-09-07 15:02:15 Error: [8192] json_decode(): Passing null to parameter #1 ($json) of type string is deprecated - C:\xampp\htdocs\Human-Resources-Management-System-BSIS-02\job_applications.php:295
2025-09-07 15:02:15 Error: [8192] json_decode(): Passing null to parameter #1 ($json) of type string is deprecated - C:\xampp\htdocs\Human-Resources-Management-System-BSIS-02\job_applications.php:295
2025-09-07 15:07:36 Error: [8192] json_decode(): Passing null to parameter #1 ($json) of type string is deprecated - C:\xampp\htdocs\Human-Resources-Management-System-BSIS-02\job_applications.php:295
2025-09-07 15:07:36 Error: [8192] json_decode(): Passing null to parameter #1 ($json) of type string is deprecated - C:\xampp\htdocs\Human-Resources-Management-System-BSIS-02\job_applications.php:295
2025-09-07 15:07:36 Error: [8192] json_decode(): Passing null to parameter #1 ($json) of type string is deprecated - C:\xampp\htdocs\Human-Resources-Management-System-BSIS-02\job_applications.php:295
2025-09-07 15:07:42 Error: [8192] json_decode(): Passing null to parameter #1 ($json) of type string is deprecated - C:\xampp\htdocs\Human-Resources-Management-System-BSIS-02\job_applications.php:295
2025-09-07 15:07:42 Error: [8192] json_decode(): Passing null to parameter #1 ($json) of type string is deprecated - C:\xampp\htdocs\Human-Resources-Management-System-BSIS-02\job_applications.php:295
2025-09-07 15:07:42 Error: [8192] json_decode(): Passing null to parameter #1 ($json) of type string is deprecated - C:\xampp\htdocs\Human-Resources-Management-System-BSIS-02\job_applications.php:295
2025-09-07 15:07:54 Error: [8192] json_decode(): Passing null to parameter #1 ($json) of type string is deprecated - C:\xampp\htdocs\Human-Resources-Management-System-BSIS-02\job_applications.php:295
2025-09-07 15:07:54 Error: [8192] json_decode(): Passing null to parameter #1 ($json) of type string is deprecated - C:\xampp\htdocs\Human-Resources-Management-System-BSIS-02\job_applications.php:295
2025-09-07 15:08:01 Error: [8192] json_decode(): Passing null to parameter #1 ($json) of type string is deprecated - C:\xampp\htdocs\Human-Resources-Management-System-BSIS-02\job_applications.php:295
2025-09-07 15:09:16 Error: [8192] json_decode(): Passing null to parameter #1 ($json) of type string is deprecated - C:\xampp\htdocs\Human-Resources-Management-System-BSIS-02\job_applications.php:295
2025-09-07 15:38:01 Error: [8192] json_decode(): Passing null to parameter #1 ($json) of type string is deprecated - C:\xampp\htdocs\Human-Resources-Management-System-BSIS-02\job_applications.php:295
2025-09-07 15:38:10 Error: [8192] json_decode(): Passing null to parameter #1 ($json) of type string is deprecated - C:\xampp\htdocs\Human-Resources-Management-System-BSIS-02\job_applications.php:295
2025-09-07 15:38:21 Error: [8192] json_decode(): Passing null to parameter #1 ($json) of type string is deprecated - C:\xampp\htdocs\Human-Resources-Management-System-BSIS-02\job_applications.php:295
2025-09-07 15:38:26 Error: [8192] json_decode(): Passing null to parameter #1 ($json) of type string is deprecated - C:\xampp\htdocs\Human-Resources-Management-System-BSIS-02\job_applications.php:295
